

Started GET "/assets/rails.png" for 192.168.0.109 at 2012-04-28 00:02:18 -0700

ActionController::RoutingError (No route matches [GET] "/assets/rails.png"):
  actionpack (3.2.3) lib/action_dispatch/middleware/debug_exceptions.rb:21:in `call'
  actionpack (3.2.3) lib/action_dispatch/middleware/show_exceptions.rb:56:in `call'
  railties (3.2.3) lib/rails/rack/logger.rb:26:in `call_app'
  railties (3.2.3) lib/rails/rack/logger.rb:16:in `call'
  actionpack (3.2.3) lib/action_dispatch/middleware/request_id.rb:22:in `call'
  rack (1.4.1) lib/rack/methodoverride.rb:21:in `call'
  rack (1.4.1) lib/rack/runtime.rb:17:in `call'
  activesupport (3.2.3) lib/active_support/cache/strategy/local_cache.rb:72:in `call'
  rack (1.4.1) lib/rack/lock.rb:15:in `call'
  rack-cache (1.2) lib/rack/cache/context.rb:136:in `forward'
  rack-cache (1.2) lib/rack/cache/context.rb:245:in `fetch'
  rack-cache (1.2) lib/rack/cache/context.rb:185:in `lookup'
  rack-cache (1.2) lib/rack/cache/context.rb:66:in `call!'
  rack-cache (1.2) lib/rack/cache/context.rb:51:in `call'
  railties (3.2.3) lib/rails/engine.rb:479:in `call'
  railties (3.2.3) lib/rails/application.rb:220:in `call'
  railties (3.2.3) lib/rails/railtie/configurable.rb:30:in `method_missing'
  /var/lib/passenger-standalone/3.0.12-x86-ruby1.9.3-linux-gcc4.6.1-1002/support/lib/phusion_passenger/rack/request_handler.rb:96:in `process_request'
  /var/lib/passenger-standalone/3.0.12-x86-ruby1.9.3-linux-gcc4.6.1-1002/support/lib/phusion_passenger/abstract_request_handler.rb:513:in `accept_and_process_next_request'
  /var/lib/passenger-standalone/3.0.12-x86-ruby1.9.3-linux-gcc4.6.1-1002/support/lib/phusion_passenger/abstract_request_handler.rb:274:in `main_loop'
  /var/lib/passenger-standalone/3.0.12-x86-ruby1.9.3-linux-gcc4.6.1-1002/support/lib/phusion_passenger/rack/application_spawner.rb:206:in `start_request_handler'
  /var/lib/passenger-standalone/3.0.12-x86-ruby1.9.3-linux-gcc4.6.1-1002/support/lib/phusion_passenger/rack/application_spawner.rb:171:in `block in handle_spawn_application'
  /var/lib/passenger-standalone/3.0.12-x86-ruby1.9.3-linux-gcc4.6.1-1002/support/lib/phusion_passenger/utils.rb:479:in `safe_fork'
  /var/lib/passenger-standalone/3.0.12-x86-ruby1.9.3-linux-gcc4.6.1-1002/support/lib/phusion_passenger/rack/application_spawner.rb:166:in `handle_spawn_application'
  /var/lib/passenger-standalone/3.0.12-x86-ruby1.9.3-linux-gcc4.6.1-1002/support/lib/phusion_passenger/abstract_server.rb:357:in `server_main_loop'
  /var/lib/passenger-standalone/3.0.12-x86-ruby1.9.3-linux-gcc4.6.1-1002/support/lib/phusion_passenger/abstract_server.rb:206:in `start_synchronously'
  /var/lib/passenger-standalone/3.0.12-x86-ruby1.9.3-linux-gcc4.6.1-1002/support/lib/phusion_passenger/abstract_server.rb:180:in `start'
  /var/lib/passenger-standalone/3.0.12-x86-ruby1.9.3-linux-gcc4.6.1-1002/support/lib/phusion_passenger/rack/application_spawner.rb:129:in `start'
  /var/lib/passenger-standalone/3.0.12-x86-ruby1.9.3-linux-gcc4.6.1-1002/support/lib/phusion_passenger/spawn_manager.rb:253:in `block (2 levels) in spawn_rack_application'
  /var/lib/passenger-standalone/3.0.12-x86-ruby1.9.3-linux-gcc4.6.1-1002/support/lib/phusion_passenger/abstract_server_collection.rb:132:in `lookup_or_add'
  /var/lib/passenger-standalone/3.0.12-x86-ruby1.9.3-linux-gcc4.6.1-1002/support/lib/phusion_passenger/spawn_manager.rb:246:in `block in spawn_rack_application'
  /var/lib/passenger-standalone/3.0.12-x86-ruby1.9.3-linux-gcc4.6.1-1002/support/lib/phusion_passenger/abstract_server_collection.rb:82:in `block in synchronize'
  <internal:prelude>:10:in `synchronize'
  /var/lib/passenger-standalone/3.0.12-x86-ruby1.9.3-linux-gcc4.6.1-1002/support/lib/phusion_passenger/abstract_server_collection.rb:79:in `synchronize'
  /var/lib/passenger-standalone/3.0.12-x86-ruby1.9.3-linux-gcc4.6.1-1002/support/lib/phusion_passenger/spawn_manager.rb:244:in `spawn_rack_application'
  /var/lib/passenger-standalone/3.0.12-x86-ruby1.9.3-linux-gcc4.6.1-1002/support/lib/phusion_passenger/spawn_manager.rb:137:in `spawn_application'
  /var/lib/passenger-standalone/3.0.12-x86-ruby1.9.3-linux-gcc4.6.1-1002/support/lib/phusion_passenger/spawn_manager.rb:275:in `handle_spawn_application'
  /var/lib/passenger-standalone/3.0.12-x86-ruby1.9.3-linux-gcc4.6.1-1002/support/lib/phusion_passenger/abstract_server.rb:357:in `server_main_loop'
  /var/lib/passenger-standalone/3.0.12-x86-ruby1.9.3-linux-gcc4.6.1-1002/support/lib/phusion_passenger/abstract_server.rb:206:in `start_synchronously'
  /var/lib/passenger-standalone/3.0.12-x86-ruby1.9.3-linux-gcc4.6.1-1002/support/helper-scripts/passenger-spawn-server:99:in `<main>'




Started GET "/assets/rails.png" for 166.250.68.91 at 2012-04-28 00:04:04 -0700

ActionController::RoutingError (No route matches [GET] "/assets/rails.png"):
  actionpack (3.2.3) lib/action_dispatch/middleware/debug_exceptions.rb:21:in `call'
  actionpack (3.2.3) lib/action_dispatch/middleware/show_exceptions.rb:56:in `call'
  railties (3.2.3) lib/rails/rack/logger.rb:26:in `call_app'
  railties (3.2.3) lib/rails/rack/logger.rb:16:in `call'
  actionpack (3.2.3) lib/action_dispatch/middleware/request_id.rb:22:in `call'
  rack (1.4.1) lib/rack/methodoverride.rb:21:in `call'
  rack (1.4.1) lib/rack/runtime.rb:17:in `call'
  activesupport (3.2.3) lib/active_support/cache/strategy/local_cache.rb:72:in `call'
  rack (1.4.1) lib/rack/lock.rb:15:in `call'
  rack-cache (1.2) lib/rack/cache/context.rb:136:in `forward'
  rack-cache (1.2) lib/rack/cache/context.rb:245:in `fetch'
  rack-cache (1.2) lib/rack/cache/context.rb:185:in `lookup'
  rack-cache (1.2) lib/rack/cache/context.rb:66:in `call!'
  rack-cache (1.2) lib/rack/cache/context.rb:51:in `call'
  railties (3.2.3) lib/rails/engine.rb:479:in `call'
  railties (3.2.3) lib/rails/application.rb:220:in `call'
  railties (3.2.3) lib/rails/railtie/configurable.rb:30:in `method_missing'
  /var/lib/passenger-standalone/3.0.12-x86-ruby1.9.3-linux-gcc4.6.1-1002/support/lib/phusion_passenger/rack/request_handler.rb:96:in `process_request'
  /var/lib/passenger-standalone/3.0.12-x86-ruby1.9.3-linux-gcc4.6.1-1002/support/lib/phusion_passenger/abstract_request_handler.rb:513:in `accept_and_process_next_request'
  /var/lib/passenger-standalone/3.0.12-x86-ruby1.9.3-linux-gcc4.6.1-1002/support/lib/phusion_passenger/abstract_request_handler.rb:274:in `main_loop'
  /var/lib/passenger-standalone/3.0.12-x86-ruby1.9.3-linux-gcc4.6.1-1002/support/lib/phusion_passenger/rack/application_spawner.rb:206:in `start_request_handler'
  /var/lib/passenger-standalone/3.0.12-x86-ruby1.9.3-linux-gcc4.6.1-1002/support/lib/phusion_passenger/rack/application_spawner.rb:171:in `block in handle_spawn_application'
  /var/lib/passenger-standalone/3.0.12-x86-ruby1.9.3-linux-gcc4.6.1-1002/support/lib/phusion_passenger/utils.rb:479:in `safe_fork'
  /var/lib/passenger-standalone/3.0.12-x86-ruby1.9.3-linux-gcc4.6.1-1002/support/lib/phusion_passenger/rack/application_spawner.rb:166:in `handle_spawn_application'
  /var/lib/passenger-standalone/3.0.12-x86-ruby1.9.3-linux-gcc4.6.1-1002/support/lib/phusion_passenger/abstract_server.rb:357:in `server_main_loop'
  /var/lib/passenger-standalone/3.0.12-x86-ruby1.9.3-linux-gcc4.6.1-1002/support/lib/phusion_passenger/abstract_server.rb:206:in `start_synchronously'
  /var/lib/passenger-standalone/3.0.12-x86-ruby1.9.3-linux-gcc4.6.1-1002/support/lib/phusion_passenger/abstract_server.rb:180:in `start'
  /var/lib/passenger-standalone/3.0.12-x86-ruby1.9.3-linux-gcc4.6.1-1002/support/lib/phusion_passenger/rack/application_spawner.rb:129:in `start'
  /var/lib/passenger-standalone/3.0.12-x86-ruby1.9.3-linux-gcc4.6.1-1002/support/lib/phusion_passenger/spawn_manager.rb:253:in `block (2 levels) in spawn_rack_application'
  /var/lib/passenger-standalone/3.0.12-x86-ruby1.9.3-linux-gcc4.6.1-1002/support/lib/phusion_passenger/abstract_server_collection.rb:132:in `lookup_or_add'
  /var/lib/passenger-standalone/3.0.12-x86-ruby1.9.3-linux-gcc4.6.1-1002/support/lib/phusion_passenger/spawn_manager.rb:246:in `block in spawn_rack_application'
  /var/lib/passenger-standalone/3.0.12-x86-ruby1.9.3-linux-gcc4.6.1-1002/support/lib/phusion_passenger/abstract_server_collection.rb:82:in `block in synchronize'
  <internal:prelude>:10:in `synchronize'
  /var/lib/passenger-standalone/3.0.12-x86-ruby1.9.3-linux-gcc4.6.1-1002/support/lib/phusion_passenger/abstract_server_collection.rb:79:in `synchronize'
  /var/lib/passenger-standalone/3.0.12-x86-ruby1.9.3-linux-gcc4.6.1-1002/support/lib/phusion_passenger/spawn_manager.rb:244:in `spawn_rack_application'
  /var/lib/passenger-standalone/3.0.12-x86-ruby1.9.3-linux-gcc4.6.1-1002/support/lib/phusion_passenger/spawn_manager.rb:137:in `spawn_application'
  /var/lib/passenger-standalone/3.0.12-x86-ruby1.9.3-linux-gcc4.6.1-1002/support/lib/phusion_passenger/spawn_manager.rb:275:in `handle_spawn_application'
  /var/lib/passenger-standalone/3.0.12-x86-ruby1.9.3-linux-gcc4.6.1-1002/support/lib/phusion_passenger/abstract_server.rb:357:in `server_main_loop'
  /var/lib/passenger-standalone/3.0.12-x86-ruby1.9.3-linux-gcc4.6.1-1002/support/lib/phusion_passenger/abstract_server.rb:206:in `start_synchronously'
  /var/lib/passenger-standalone/3.0.12-x86-ruby1.9.3-linux-gcc4.6.1-1002/support/helper-scripts/passenger-spawn-server:99:in `<main>'




Started GET "/assets/rails.png" for 192.168.0.109 at 2012-04-28 01:02:41 -0700

ActionController::RoutingError (No route matches [GET] "/assets/rails.png"):
  actionpack (3.2.3) lib/action_dispatch/middleware/debug_exceptions.rb:21:in `call'
  actionpack (3.2.3) lib/action_dispatch/middleware/show_exceptions.rb:56:in `call'
  railties (3.2.3) lib/rails/rack/logger.rb:26:in `call_app'
  railties (3.2.3) lib/rails/rack/logger.rb:16:in `call'
  actionpack (3.2.3) lib/action_dispatch/middleware/request_id.rb:22:in `call'
  rack (1.4.1) lib/rack/methodoverride.rb:21:in `call'
  rack (1.4.1) lib/rack/runtime.rb:17:in `call'
  activesupport (3.2.3) lib/active_support/cache/strategy/local_cache.rb:72:in `call'
  rack (1.4.1) lib/rack/lock.rb:15:in `call'
  rack-cache (1.2) lib/rack/cache/context.rb:136:in `forward'
  rack-cache (1.2) lib/rack/cache/context.rb:245:in `fetch'
  rack-cache (1.2) lib/rack/cache/context.rb:185:in `lookup'
  rack-cache (1.2) lib/rack/cache/context.rb:66:in `call!'
  rack-cache (1.2) lib/rack/cache/context.rb:51:in `call'
  railties (3.2.3) lib/rails/engine.rb:479:in `call'
  railties (3.2.3) lib/rails/application.rb:220:in `call'
  railties (3.2.3) lib/rails/railtie/configurable.rb:30:in `method_missing'
  /var/lib/passenger-standalone/3.0.12-x86-ruby1.9.3-linux-gcc4.6.1-1002/support/lib/phusion_passenger/rack/request_handler.rb:96:in `process_request'
  /var/lib/passenger-standalone/3.0.12-x86-ruby1.9.3-linux-gcc4.6.1-1002/support/lib/phusion_passenger/abstract_request_handler.rb:513:in `accept_and_process_next_request'
  /var/lib/passenger-standalone/3.0.12-x86-ruby1.9.3-linux-gcc4.6.1-1002/support/lib/phusion_passenger/abstract_request_handler.rb:274:in `main_loop'
  /var/lib/passenger-standalone/3.0.12-x86-ruby1.9.3-linux-gcc4.6.1-1002/support/lib/phusion_passenger/rack/application_spawner.rb:206:in `start_request_handler'
  /var/lib/passenger-standalone/3.0.12-x86-ruby1.9.3-linux-gcc4.6.1-1002/support/lib/phusion_passenger/rack/application_spawner.rb:171:in `block in handle_spawn_application'
  /var/lib/passenger-standalone/3.0.12-x86-ruby1.9.3-linux-gcc4.6.1-1002/support/lib/phusion_passenger/utils.rb:479:in `safe_fork'
  /var/lib/passenger-standalone/3.0.12-x86-ruby1.9.3-linux-gcc4.6.1-1002/support/lib/phusion_passenger/rack/application_spawner.rb:166:in `handle_spawn_application'
  /var/lib/passenger-standalone/3.0.12-x86-ruby1.9.3-linux-gcc4.6.1-1002/support/lib/phusion_passenger/abstract_server.rb:357:in `server_main_loop'
  /var/lib/passenger-standalone/3.0.12-x86-ruby1.9.3-linux-gcc4.6.1-1002/support/lib/phusion_passenger/abstract_server.rb:206:in `start_synchronously'
  /var/lib/passenger-standalone/3.0.12-x86-ruby1.9.3-linux-gcc4.6.1-1002/support/lib/phusion_passenger/abstract_server.rb:180:in `start'
  /var/lib/passenger-standalone/3.0.12-x86-ruby1.9.3-linux-gcc4.6.1-1002/support/lib/phusion_passenger/rack/application_spawner.rb:129:in `start'
  /var/lib/passenger-standalone/3.0.12-x86-ruby1.9.3-linux-gcc4.6.1-1002/support/lib/phusion_passenger/spawn_manager.rb:253:in `block (2 levels) in spawn_rack_application'
  /var/lib/passenger-standalone/3.0.12-x86-ruby1.9.3-linux-gcc4.6.1-1002/support/lib/phusion_passenger/abstract_server_collection.rb:132:in `lookup_or_add'
  /var/lib/passenger-standalone/3.0.12-x86-ruby1.9.3-linux-gcc4.6.1-1002/support/lib/phusion_passenger/spawn_manager.rb:246:in `block in spawn_rack_application'
  /var/lib/passenger-standalone/3.0.12-x86-ruby1.9.3-linux-gcc4.6.1-1002/support/lib/phusion_passenger/abstract_server_collection.rb:82:in `block in synchronize'
  <internal:prelude>:10:in `synchronize'
  /var/lib/passenger-standalone/3.0.12-x86-ruby1.9.3-linux-gcc4.6.1-1002/support/lib/phusion_passenger/abstract_server_collection.rb:79:in `synchronize'
  /var/lib/passenger-standalone/3.0.12-x86-ruby1.9.3-linux-gcc4.6.1-1002/support/lib/phusion_passenger/spawn_manager.rb:244:in `spawn_rack_application'
  /var/lib/passenger-standalone/3.0.12-x86-ruby1.9.3-linux-gcc4.6.1-1002/support/lib/phusion_passenger/spawn_manager.rb:137:in `spawn_application'
  /var/lib/passenger-standalone/3.0.12-x86-ruby1.9.3-linux-gcc4.6.1-1002/support/lib/phusion_passenger/spawn_manager.rb:275:in `handle_spawn_application'
  /var/lib/passenger-standalone/3.0.12-x86-ruby1.9.3-linux-gcc4.6.1-1002/support/lib/phusion_passenger/abstract_server.rb:357:in `server_main_loop'
  /var/lib/passenger-standalone/3.0.12-x86-ruby1.9.3-linux-gcc4.6.1-1002/support/lib/phusion_passenger/abstract_server.rb:206:in `start_synchronously'
  /var/lib/passenger-standalone/3.0.12-x86-ruby1.9.3-linux-gcc4.6.1-1002/support/helper-scripts/passenger-spawn-server:99:in `<main>'




Started GET "/kids" for 192.168.0.109 at 2012-04-28 01:02:47 -0700

ActionController::RoutingError (No route matches [GET] "/kids"):
  actionpack (3.2.3) lib/action_dispatch/middleware/debug_exceptions.rb:21:in `call'
  actionpack (3.2.3) lib/action_dispatch/middleware/show_exceptions.rb:56:in `call'
  railties (3.2.3) lib/rails/rack/logger.rb:26:in `call_app'
  railties (3.2.3) lib/rails/rack/logger.rb:16:in `call'
  actionpack (3.2.3) lib/action_dispatch/middleware/request_id.rb:22:in `call'
  rack (1.4.1) lib/rack/methodoverride.rb:21:in `call'
  rack (1.4.1) lib/rack/runtime.rb:17:in `call'
  activesupport (3.2.3) lib/active_support/cache/strategy/local_cache.rb:72:in `call'
  rack (1.4.1) lib/rack/lock.rb:15:in `call'
  rack-cache (1.2) lib/rack/cache/context.rb:136:in `forward'
  rack-cache (1.2) lib/rack/cache/context.rb:245:in `fetch'
  rack-cache (1.2) lib/rack/cache/context.rb:185:in `lookup'
  rack-cache (1.2) lib/rack/cache/context.rb:66:in `call!'
  rack-cache (1.2) lib/rack/cache/context.rb:51:in `call'
  railties (3.2.3) lib/rails/engine.rb:479:in `call'
  railties (3.2.3) lib/rails/application.rb:220:in `call'
  railties (3.2.3) lib/rails/railtie/configurable.rb:30:in `method_missing'
  /var/lib/passenger-standalone/3.0.12-x86-ruby1.9.3-linux-gcc4.6.1-1002/support/lib/phusion_passenger/rack/request_handler.rb:96:in `process_request'
  /var/lib/passenger-standalone/3.0.12-x86-ruby1.9.3-linux-gcc4.6.1-1002/support/lib/phusion_passenger/abstract_request_handler.rb:513:in `accept_and_process_next_request'
  /var/lib/passenger-standalone/3.0.12-x86-ruby1.9.3-linux-gcc4.6.1-1002/support/lib/phusion_passenger/abstract_request_handler.rb:274:in `main_loop'
  /var/lib/passenger-standalone/3.0.12-x86-ruby1.9.3-linux-gcc4.6.1-1002/support/lib/phusion_passenger/rack/application_spawner.rb:206:in `start_request_handler'
  /var/lib/passenger-standalone/3.0.12-x86-ruby1.9.3-linux-gcc4.6.1-1002/support/lib/phusion_passenger/rack/application_spawner.rb:171:in `block in handle_spawn_application'
  /var/lib/passenger-standalone/3.0.12-x86-ruby1.9.3-linux-gcc4.6.1-1002/support/lib/phusion_passenger/utils.rb:479:in `safe_fork'
  /var/lib/passenger-standalone/3.0.12-x86-ruby1.9.3-linux-gcc4.6.1-1002/support/lib/phusion_passenger/rack/application_spawner.rb:166:in `handle_spawn_application'
  /var/lib/passenger-standalone/3.0.12-x86-ruby1.9.3-linux-gcc4.6.1-1002/support/lib/phusion_passenger/abstract_server.rb:357:in `server_main_loop'
  /var/lib/passenger-standalone/3.0.12-x86-ruby1.9.3-linux-gcc4.6.1-1002/support/lib/phusion_passenger/abstract_server.rb:206:in `start_synchronously'
  /var/lib/passenger-standalone/3.0.12-x86-ruby1.9.3-linux-gcc4.6.1-1002/support/lib/phusion_passenger/abstract_server.rb:180:in `start'
  /var/lib/passenger-standalone/3.0.12-x86-ruby1.9.3-linux-gcc4.6.1-1002/support/lib/phusion_passenger/rack/application_spawner.rb:129:in `start'
  /var/lib/passenger-standalone/3.0.12-x86-ruby1.9.3-linux-gcc4.6.1-1002/support/lib/phusion_passenger/spawn_manager.rb:253:in `block (2 levels) in spawn_rack_application'
  /var/lib/passenger-standalone/3.0.12-x86-ruby1.9.3-linux-gcc4.6.1-1002/support/lib/phusion_passenger/abstract_server_collection.rb:132:in `lookup_or_add'
  /var/lib/passenger-standalone/3.0.12-x86-ruby1.9.3-linux-gcc4.6.1-1002/support/lib/phusion_passenger/spawn_manager.rb:246:in `block in spawn_rack_application'
  /var/lib/passenger-standalone/3.0.12-x86-ruby1.9.3-linux-gcc4.6.1-1002/support/lib/phusion_passenger/abstract_server_collection.rb:82:in `block in synchronize'
  <internal:prelude>:10:in `synchronize'
  /var/lib/passenger-standalone/3.0.12-x86-ruby1.9.3-linux-gcc4.6.1-1002/support/lib/phusion_passenger/abstract_server_collection.rb:79:in `synchronize'
  /var/lib/passenger-standalone/3.0.12-x86-ruby1.9.3-linux-gcc4.6.1-1002/support/lib/phusion_passenger/spawn_manager.rb:244:in `spawn_rack_application'
  /var/lib/passenger-standalone/3.0.12-x86-ruby1.9.3-linux-gcc4.6.1-1002/support/lib/phusion_passenger/spawn_manager.rb:137:in `spawn_application'
  /var/lib/passenger-standalone/3.0.12-x86-ruby1.9.3-linux-gcc4.6.1-1002/support/lib/phusion_passenger/spawn_manager.rb:275:in `handle_spawn_application'
  /var/lib/passenger-standalone/3.0.12-x86-ruby1.9.3-linux-gcc4.6.1-1002/support/lib/phusion_passenger/abstract_server.rb:357:in `server_main_loop'
  /var/lib/passenger-standalone/3.0.12-x86-ruby1.9.3-linux-gcc4.6.1-1002/support/lib/phusion_passenger/abstract_server.rb:206:in `start_synchronously'
  /var/lib/passenger-standalone/3.0.12-x86-ruby1.9.3-linux-gcc4.6.1-1002/support/helper-scripts/passenger-spawn-server:99:in `<main>'




Started GET "/kids" for 192.168.0.109 at 2012-04-28 01:03:43 -0700
Processing by KidsController#index as HTML
Completed 500 Internal Server Error in 227ms

ActiveRecord::StatementInvalid (Could not find table 'kids'):
  app/controllers/kids_controller.rb:5:in `index'




Started GET "/assets/rails.png" for 192.168.0.109 at 2012-04-28 01:03:49 -0700

ActionController::RoutingError (No route matches [GET] "/assets/rails.png"):
  actionpack (3.2.3) lib/action_dispatch/middleware/debug_exceptions.rb:21:in `call'
  actionpack (3.2.3) lib/action_dispatch/middleware/show_exceptions.rb:56:in `call'
  railties (3.2.3) lib/rails/rack/logger.rb:26:in `call_app'
  railties (3.2.3) lib/rails/rack/logger.rb:16:in `call'
  actionpack (3.2.3) lib/action_dispatch/middleware/request_id.rb:22:in `call'
  rack (1.4.1) lib/rack/methodoverride.rb:21:in `call'
  rack (1.4.1) lib/rack/runtime.rb:17:in `call'
  activesupport (3.2.3) lib/active_support/cache/strategy/local_cache.rb:72:in `call'
  rack (1.4.1) lib/rack/lock.rb:15:in `call'
  rack-cache (1.2) lib/rack/cache/context.rb:136:in `forward'
  rack-cache (1.2) lib/rack/cache/context.rb:245:in `fetch'
  rack-cache (1.2) lib/rack/cache/context.rb:185:in `lookup'
  rack-cache (1.2) lib/rack/cache/context.rb:66:in `call!'
  rack-cache (1.2) lib/rack/cache/context.rb:51:in `call'
  railties (3.2.3) lib/rails/engine.rb:479:in `call'
  railties (3.2.3) lib/rails/application.rb:220:in `call'
  railties (3.2.3) lib/rails/railtie/configurable.rb:30:in `method_missing'
  /var/lib/passenger-standalone/3.0.12-x86-ruby1.9.3-linux-gcc4.6.1-1002/support/lib/phusion_passenger/rack/request_handler.rb:96:in `process_request'
  /var/lib/passenger-standalone/3.0.12-x86-ruby1.9.3-linux-gcc4.6.1-1002/support/lib/phusion_passenger/abstract_request_handler.rb:513:in `accept_and_process_next_request'
  /var/lib/passenger-standalone/3.0.12-x86-ruby1.9.3-linux-gcc4.6.1-1002/support/lib/phusion_passenger/abstract_request_handler.rb:274:in `main_loop'
  /var/lib/passenger-standalone/3.0.12-x86-ruby1.9.3-linux-gcc4.6.1-1002/support/lib/phusion_passenger/rack/application_spawner.rb:206:in `start_request_handler'
  /var/lib/passenger-standalone/3.0.12-x86-ruby1.9.3-linux-gcc4.6.1-1002/support/lib/phusion_passenger/rack/application_spawner.rb:171:in `block in handle_spawn_application'
  /var/lib/passenger-standalone/3.0.12-x86-ruby1.9.3-linux-gcc4.6.1-1002/support/lib/phusion_passenger/utils.rb:479:in `safe_fork'
  /var/lib/passenger-standalone/3.0.12-x86-ruby1.9.3-linux-gcc4.6.1-1002/support/lib/phusion_passenger/rack/application_spawner.rb:166:in `handle_spawn_application'
  /var/lib/passenger-standalone/3.0.12-x86-ruby1.9.3-linux-gcc4.6.1-1002/support/lib/phusion_passenger/abstract_server.rb:357:in `server_main_loop'
  /var/lib/passenger-standalone/3.0.12-x86-ruby1.9.3-linux-gcc4.6.1-1002/support/lib/phusion_passenger/abstract_server.rb:206:in `start_synchronously'
  /var/lib/passenger-standalone/3.0.12-x86-ruby1.9.3-linux-gcc4.6.1-1002/support/lib/phusion_passenger/abstract_server.rb:180:in `start'
  /var/lib/passenger-standalone/3.0.12-x86-ruby1.9.3-linux-gcc4.6.1-1002/support/lib/phusion_passenger/rack/application_spawner.rb:129:in `start'
  /var/lib/passenger-standalone/3.0.12-x86-ruby1.9.3-linux-gcc4.6.1-1002/support/lib/phusion_passenger/spawn_manager.rb:253:in `block (2 levels) in spawn_rack_application'
  /var/lib/passenger-standalone/3.0.12-x86-ruby1.9.3-linux-gcc4.6.1-1002/support/lib/phusion_passenger/abstract_server_collection.rb:132:in `lookup_or_add'
  /var/lib/passenger-standalone/3.0.12-x86-ruby1.9.3-linux-gcc4.6.1-1002/support/lib/phusion_passenger/spawn_manager.rb:246:in `block in spawn_rack_application'
  /var/lib/passenger-standalone/3.0.12-x86-ruby1.9.3-linux-gcc4.6.1-1002/support/lib/phusion_passenger/abstract_server_collection.rb:82:in `block in synchronize'
  <internal:prelude>:10:in `synchronize'
  /var/lib/passenger-standalone/3.0.12-x86-ruby1.9.3-linux-gcc4.6.1-1002/support/lib/phusion_passenger/abstract_server_collection.rb:79:in `synchronize'
  /var/lib/passenger-standalone/3.0.12-x86-ruby1.9.3-linux-gcc4.6.1-1002/support/lib/phusion_passenger/spawn_manager.rb:244:in `spawn_rack_application'
  /var/lib/passenger-standalone/3.0.12-x86-ruby1.9.3-linux-gcc4.6.1-1002/support/lib/phusion_passenger/spawn_manager.rb:137:in `spawn_application'
  /var/lib/passenger-standalone/3.0.12-x86-ruby1.9.3-linux-gcc4.6.1-1002/support/lib/phusion_passenger/spawn_manager.rb:275:in `handle_spawn_application'
  /var/lib/passenger-standalone/3.0.12-x86-ruby1.9.3-linux-gcc4.6.1-1002/support/lib/phusion_passenger/abstract_server.rb:357:in `server_main_loop'
  /var/lib/passenger-standalone/3.0.12-x86-ruby1.9.3-linux-gcc4.6.1-1002/support/lib/phusion_passenger/abstract_server.rb:206:in `start_synchronously'
  /var/lib/passenger-standalone/3.0.12-x86-ruby1.9.3-linux-gcc4.6.1-1002/support/helper-scripts/passenger-spawn-server:99:in `<main>'




Started GET "/kids" for 192.168.0.109 at 2012-04-28 01:03:54 -0700
Processing by KidsController#index as HTML
Completed 500 Internal Server Error in 1ms

ActiveRecord::StatementInvalid (Could not find table 'kids'):
  app/controllers/kids_controller.rb:5:in `index'


